<?xml version="1.0" encoding="UTF-8"?>
<testsuite name="com.hello.service.MemberServiceTest" tests="4" skipped="0" failures="0" errors="0" timestamp="2021-08-11T16:55:15" hostname="ijung-won-ui-MacBookPro.local" time="0.077">
  <properties/>
  <testcase name="findOne()" classname="com.hello.service.MemberServiceTest" time="0.019"/>
  <testcase name="join()" classname="com.hello.service.MemberServiceTest" time="0.052"/>
  <testcase name="중복_회원_예외()" classname="com.hello.service.MemberServiceTest" time="0.003"/>
  <testcase name="findMembers()" classname="com.hello.service.MemberServiceTest" time="0.001"/>
  <system-out><![CDATA[]]></system-out>
  <system-err><![CDATA[]]></system-err>
</testsuite>
